

Started GET "/" for 127.0.0.1 at 2013-07-20 22:42:01 +0900
Processing by Rails::WelcomeController#index as HTML
  Rendered vendor/bundle/gems/railties-4.0.0/lib/rails/templates/rails/welcome/index.html.erb (2.2ms)
Completed 200 OK in 161ms (Views: 96.9ms | ActiveRecord: 0.0ms)


Started GET "/xbmcCmds/xbmcHttp?command=GetCurrentlyPlaying" for 127.0.0.1 at 2013-07-20 22:42:18 +0900

ActionController::RoutingError (No route matches [GET] "/xbmcCmds/xbmcHttp"):
  vendor/bundle/gems/actionpack-4.0.0/lib/action_dispatch/middleware/debug_exceptions.rb:21:in `call'
  vendor/bundle/gems/actionpack-4.0.0/lib/action_dispatch/middleware/show_exceptions.rb:30:in `call'
  vendor/bundle/gems/railties-4.0.0/lib/rails/rack/logger.rb:38:in `call_app'
  vendor/bundle/gems/railties-4.0.0/lib/rails/rack/logger.rb:21:in `block in call'
  vendor/bundle/gems/activesupport-4.0.0/lib/active_support/tagged_logging.rb:67:in `block in tagged'
  vendor/bundle/gems/activesupport-4.0.0/lib/active_support/tagged_logging.rb:25:in `tagged'
  vendor/bundle/gems/activesupport-4.0.0/lib/active_support/tagged_logging.rb:67:in `tagged'
  vendor/bundle/gems/railties-4.0.0/lib/rails/rack/logger.rb:21:in `call'
  vendor/bundle/gems/actionpack-4.0.0/lib/action_dispatch/middleware/request_id.rb:21:in `call'
  vendor/bundle/gems/rack-1.5.2/lib/rack/methodoverride.rb:21:in `call'
  vendor/bundle/gems/rack-1.5.2/lib/rack/runtime.rb:17:in `call'
  vendor/bundle/gems/activesupport-4.0.0/lib/active_support/cache/strategy/local_cache.rb:83:in `call'
  vendor/bundle/gems/rack-1.5.2/lib/rack/lock.rb:17:in `call'
  vendor/bundle/gems/actionpack-4.0.0/lib/action_dispatch/middleware/static.rb:64:in `call'
  vendor/bundle/gems/railties-4.0.0/lib/rails/engine.rb:511:in `call'
  vendor/bundle/gems/railties-4.0.0/lib/rails/application.rb:97:in `call'
  vendor/bundle/gems/rack-1.5.2/lib/rack/lock.rb:17:in `call'
  vendor/bundle/gems/rack-1.5.2/lib/rack/content_length.rb:14:in `call'
  vendor/bundle/gems/rack-1.5.2/lib/rack/handler/webrick.rb:60:in `service'
  /Users/dylankennamer/.rbenv/versions/2.0.0-p247/lib/ruby/2.0.0/webrick/httpserver.rb:138:in `service'
  /Users/dylankennamer/.rbenv/versions/2.0.0-p247/lib/ruby/2.0.0/webrick/httpserver.rb:94:in `run'
  /Users/dylankennamer/.rbenv/versions/2.0.0-p247/lib/ruby/2.0.0/webrick/server.rb:295:in `block in start_thread'


  Rendered vendor/bundle/gems/actionpack-4.0.0/lib/action_dispatch/middleware/templates/rescues/_trace.erb (1.9ms)
  Rendered vendor/bundle/gems/actionpack-4.0.0/lib/action_dispatch/middleware/templates/routes/_table.html.erb (22.2ms)
  Rendered vendor/bundle/gems/actionpack-4.0.0/lib/action_dispatch/middleware/templates/rescues/routing_error.erb within rescues/layout (51.4ms)


Started GET "/xbmcCmds/xbmcHttp?command=GetCurrentlyPlaying" for 127.0.0.1 at 2013-07-20 22:42:19 +0900

ActionController::RoutingError (No route matches [GET] "/xbmcCmds/xbmcHttp"):
  vendor/bundle/gems/actionpack-4.0.0/lib/action_dispatch/middleware/debug_exceptions.rb:21:in `call'
  vendor/bundle/gems/actionpack-4.0.0/lib/action_dispatch/middleware/show_exceptions.rb:30:in `call'
  vendor/bundle/gems/railties-4.0.0/lib/rails/rack/logger.rb:38:in `call_app'
  vendor/bundle/gems/railties-4.0.0/lib/rails/rack/logger.rb:21:in `block in call'
  vendor/bundle/gems/activesupport-4.0.0/lib/active_support/tagged_logging.rb:67:in `block in tagged'
  vendor/bundle/gems/activesupport-4.0.0/lib/active_support/tagged_logging.rb:25:in `tagged'
  vendor/bundle/gems/activesupport-4.0.0/lib/active_support/tagged_logging.rb:67:in `tagged'
  vendor/bundle/gems/railties-4.0.0/lib/rails/rack/logger.rb:21:in `call'
  vendor/bundle/gems/actionpack-4.0.0/lib/action_dispatch/middleware/request_id.rb:21:in `call'
  vendor/bundle/gems/rack-1.5.2/lib/rack/methodoverride.rb:21:in `call'
  vendor/bundle/gems/rack-1.5.2/lib/rack/runtime.rb:17:in `call'
  vendor/bundle/gems/activesupport-4.0.0/lib/active_support/cache/strategy/local_cache.rb:83:in `call'
  vendor/bundle/gems/rack-1.5.2/lib/rack/lock.rb:17:in `call'
  vendor/bundle/gems/actionpack-4.0.0/lib/action_dispatch/middleware/static.rb:64:in `call'
  vendor/bundle/gems/railties-4.0.0/lib/rails/engine.rb:511:in `call'
  vendor/bundle/gems/railties-4.0.0/lib/rails/application.rb:97:in `call'
  vendor/bundle/gems/rack-1.5.2/lib/rack/lock.rb:17:in `call'
  vendor/bundle/gems/rack-1.5.2/lib/rack/content_length.rb:14:in `call'
  vendor/bundle/gems/rack-1.5.2/lib/rack/handler/webrick.rb:60:in `service'
  /Users/dylankennamer/.rbenv/versions/2.0.0-p247/lib/ruby/2.0.0/webrick/httpserver.rb:138:in `service'
  /Users/dylankennamer/.rbenv/versions/2.0.0-p247/lib/ruby/2.0.0/webrick/httpserver.rb:94:in `run'
  /Users/dylankennamer/.rbenv/versions/2.0.0-p247/lib/ruby/2.0.0/webrick/server.rb:295:in `block in start_thread'


  Rendered vendor/bundle/gems/actionpack-4.0.0/lib/action_dispatch/middleware/templates/rescues/_trace.erb (1.4ms)
  Rendered vendor/bundle/gems/actionpack-4.0.0/lib/action_dispatch/middleware/templates/routes/_table.html.erb (1.4ms)
  Rendered vendor/bundle/gems/actionpack-4.0.0/lib/action_dispatch/middleware/templates/rescues/routing_error.erb within rescues/layout (16.9ms)


Started GET "/xbmcCmds/xbmcHttp?command=GetCurrentlyPlaying" for 127.0.0.1 at 2013-07-20 23:01:20 +0900

ActionController::RoutingError (No route matches [GET] "/xbmcCmds/xbmcHttp"):
  vendor/bundle/gems/actionpack-4.0.0/lib/action_dispatch/middleware/debug_exceptions.rb:21:in `call'
  vendor/bundle/gems/actionpack-4.0.0/lib/action_dispatch/middleware/show_exceptions.rb:30:in `call'
  vendor/bundle/gems/railties-4.0.0/lib/rails/rack/logger.rb:38:in `call_app'
  vendor/bundle/gems/railties-4.0.0/lib/rails/rack/logger.rb:21:in `block in call'
  vendor/bundle/gems/activesupport-4.0.0/lib/active_support/tagged_logging.rb:67:in `block in tagged'
  vendor/bundle/gems/activesupport-4.0.0/lib/active_support/tagged_logging.rb:25:in `tagged'
  vendor/bundle/gems/activesupport-4.0.0/lib/active_support/tagged_logging.rb:67:in `tagged'
  vendor/bundle/gems/railties-4.0.0/lib/rails/rack/logger.rb:21:in `call'
  vendor/bundle/gems/actionpack-4.0.0/lib/action_dispatch/middleware/request_id.rb:21:in `call'
  vendor/bundle/gems/rack-1.5.2/lib/rack/methodoverride.rb:21:in `call'
  vendor/bundle/gems/rack-1.5.2/lib/rack/runtime.rb:17:in `call'
  vendor/bundle/gems/activesupport-4.0.0/lib/active_support/cache/strategy/local_cache.rb:83:in `call'
  vendor/bundle/gems/rack-1.5.2/lib/rack/lock.rb:17:in `call'
  vendor/bundle/gems/actionpack-4.0.0/lib/action_dispatch/middleware/static.rb:64:in `call'
  vendor/bundle/gems/railties-4.0.0/lib/rails/engine.rb:511:in `call'
  vendor/bundle/gems/railties-4.0.0/lib/rails/application.rb:97:in `call'
  vendor/bundle/gems/rack-1.5.2/lib/rack/lock.rb:17:in `call'
  vendor/bundle/gems/rack-1.5.2/lib/rack/content_length.rb:14:in `call'
  vendor/bundle/gems/rack-1.5.2/lib/rack/handler/webrick.rb:60:in `service'
  /Users/dylankennamer/.rbenv/versions/2.0.0-p247/lib/ruby/2.0.0/webrick/httpserver.rb:138:in `service'
  /Users/dylankennamer/.rbenv/versions/2.0.0-p247/lib/ruby/2.0.0/webrick/httpserver.rb:94:in `run'
  /Users/dylankennamer/.rbenv/versions/2.0.0-p247/lib/ruby/2.0.0/webrick/server.rb:295:in `block in start_thread'


  Rendered vendor/bundle/gems/actionpack-4.0.0/lib/action_dispatch/middleware/templates/rescues/_trace.erb (2.4ms)
  Rendered vendor/bundle/gems/actionpack-4.0.0/lib/action_dispatch/middleware/templates/routes/_table.html.erb (7.4ms)
  Rendered vendor/bundle/gems/actionpack-4.0.0/lib/action_dispatch/middleware/templates/rescues/routing_error.erb within rescues/layout (87.7ms)


Started GET "/xbmcCmds/xbmcHttp?command=GetCurrentlyPlaying" for 127.0.0.1 at 2013-07-20 23:01:21 +0900

ActionController::RoutingError (No route matches [GET] "/xbmcCmds/xbmcHttp"):
  vendor/bundle/gems/actionpack-4.0.0/lib/action_dispatch/middleware/debug_exceptions.rb:21:in `call'
  vendor/bundle/gems/actionpack-4.0.0/lib/action_dispatch/middleware/show_exceptions.rb:30:in `call'
  vendor/bundle/gems/railties-4.0.0/lib/rails/rack/logger.rb:38:in `call_app'
  vendor/bundle/gems/railties-4.0.0/lib/rails/rack/logger.rb:21:in `block in call'
  vendor/bundle/gems/activesupport-4.0.0/lib/active_support/tagged_logging.rb:67:in `block in tagged'
  vendor/bundle/gems/activesupport-4.0.0/lib/active_support/tagged_logging.rb:25:in `tagged'
  vendor/bundle/gems/activesupport-4.0.0/lib/active_support/tagged_logging.rb:67:in `tagged'
  vendor/bundle/gems/railties-4.0.0/lib/rails/rack/logger.rb:21:in `call'
  vendor/bundle/gems/actionpack-4.0.0/lib/action_dispatch/middleware/request_id.rb:21:in `call'
  vendor/bundle/gems/rack-1.5.2/lib/rack/methodoverride.rb:21:in `call'
  vendor/bundle/gems/rack-1.5.2/lib/rack/runtime.rb:17:in `call'
  vendor/bundle/gems/activesupport-4.0.0/lib/active_support/cache/strategy/local_cache.rb:83:in `call'
  vendor/bundle/gems/rack-1.5.2/lib/rack/lock.rb:17:in `call'
  vendor/bundle/gems/actionpack-4.0.0/lib/action_dispatch/middleware/static.rb:64:in `call'
  vendor/bundle/gems/railties-4.0.0/lib/rails/engine.rb:511:in `call'
  vendor/bundle/gems/railties-4.0.0/lib/rails/application.rb:97:in `call'
  vendor/bundle/gems/rack-1.5.2/lib/rack/lock.rb:17:in `call'
  vendor/bundle/gems/rack-1.5.2/lib/rack/content_length.rb:14:in `call'
  vendor/bundle/gems/rack-1.5.2/lib/rack/handler/webrick.rb:60:in `service'
  /Users/dylankennamer/.rbenv/versions/2.0.0-p247/lib/ruby/2.0.0/webrick/httpserver.rb:138:in `service'
  /Users/dylankennamer/.rbenv/versions/2.0.0-p247/lib/ruby/2.0.0/webrick/httpserver.rb:94:in `run'
  /Users/dylankennamer/.rbenv/versions/2.0.0-p247/lib/ruby/2.0.0/webrick/server.rb:295:in `block in start_thread'


  Rendered vendor/bundle/gems/actionpack-4.0.0/lib/action_dispatch/middleware/templates/rescues/_trace.erb (1.9ms)
  Rendered vendor/bundle/gems/actionpack-4.0.0/lib/action_dispatch/middleware/templates/routes/_table.html.erb (1.4ms)
  Rendered vendor/bundle/gems/actionpack-4.0.0/lib/action_dispatch/middleware/templates/rescues/routing_error.erb within rescues/layout (15.9ms)


Started GET "/" for 127.0.0.1 at 2013-07-20 23:02:06 +0900
Processing by Rails::WelcomeController#index as HTML
  Rendered vendor/bundle/gems/railties-4.0.0/lib/rails/templates/rails/welcome/index.html.erb (1.0ms)
Completed 200 OK in 122ms (Views: 26.1ms | ActiveRecord: 0.0ms)


Started GET "/xbmcCmds/xbmcHttp?command=GetCurrentlyPlaying" for 127.0.0.1 at 2013-07-20 23:02:20 +0900

ActionController::RoutingError (No route matches [GET] "/xbmcCmds/xbmcHttp"):
  vendor/bundle/gems/actionpack-4.0.0/lib/action_dispatch/middleware/debug_exceptions.rb:21:in `call'
  vendor/bundle/gems/actionpack-4.0.0/lib/action_dispatch/middleware/show_exceptions.rb:30:in `call'
  vendor/bundle/gems/railties-4.0.0/lib/rails/rack/logger.rb:38:in `call_app'
  vendor/bundle/gems/railties-4.0.0/lib/rails/rack/logger.rb:21:in `block in call'
  vendor/bundle/gems/activesupport-4.0.0/lib/active_support/tagged_logging.rb:67:in `block in tagged'
  vendor/bundle/gems/activesupport-4.0.0/lib/active_support/tagged_logging.rb:25:in `tagged'
  vendor/bundle/gems/activesupport-4.0.0/lib/active_support/tagged_logging.rb:67:in `tagged'
  vendor/bundle/gems/railties-4.0.0/lib/rails/rack/logger.rb:21:in `call'
  vendor/bundle/gems/actionpack-4.0.0/lib/action_dispatch/middleware/request_id.rb:21:in `call'
  vendor/bundle/gems/rack-1.5.2/lib/rack/methodoverride.rb:21:in `call'
  vendor/bundle/gems/rack-1.5.2/lib/rack/runtime.rb:17:in `call'
  vendor/bundle/gems/activesupport-4.0.0/lib/active_support/cache/strategy/local_cache.rb:83:in `call'
  vendor/bundle/gems/rack-1.5.2/lib/rack/lock.rb:17:in `call'
  vendor/bundle/gems/actionpack-4.0.0/lib/action_dispatch/middleware/static.rb:64:in `call'
  vendor/bundle/gems/railties-4.0.0/lib/rails/engine.rb:511:in `call'
  vendor/bundle/gems/railties-4.0.0/lib/rails/application.rb:97:in `call'
  vendor/bundle/gems/rack-1.5.2/lib/rack/lock.rb:17:in `call'
  vendor/bundle/gems/rack-1.5.2/lib/rack/content_length.rb:14:in `call'
  vendor/bundle/gems/rack-1.5.2/lib/rack/handler/webrick.rb:60:in `service'
  /Users/dylankennamer/.rbenv/versions/2.0.0-p247/lib/ruby/2.0.0/webrick/httpserver.rb:138:in `service'
  /Users/dylankennamer/.rbenv/versions/2.0.0-p247/lib/ruby/2.0.0/webrick/httpserver.rb:94:in `run'
  /Users/dylankennamer/.rbenv/versions/2.0.0-p247/lib/ruby/2.0.0/webrick/server.rb:295:in `block in start_thread'


  Rendered vendor/bundle/gems/actionpack-4.0.0/lib/action_dispatch/middleware/templates/rescues/_trace.erb (1.7ms)
  Rendered vendor/bundle/gems/actionpack-4.0.0/lib/action_dispatch/middleware/templates/routes/_table.html.erb (29.6ms)
  Rendered vendor/bundle/gems/actionpack-4.0.0/lib/action_dispatch/middleware/templates/rescues/routing_error.erb within rescues/layout (72.5ms)


Started GET "/xbmcCmds/xbmcHttp?command=GetCurrentlyPlaying" for 127.0.0.1 at 2013-07-20 23:02:20 +0900

ActionController::RoutingError (No route matches [GET] "/xbmcCmds/xbmcHttp"):
  vendor/bundle/gems/actionpack-4.0.0/lib/action_dispatch/middleware/debug_exceptions.rb:21:in `call'
  vendor/bundle/gems/actionpack-4.0.0/lib/action_dispatch/middleware/show_exceptions.rb:30:in `call'
  vendor/bundle/gems/railties-4.0.0/lib/rails/rack/logger.rb:38:in `call_app'
  vendor/bundle/gems/railties-4.0.0/lib/rails/rack/logger.rb:21:in `block in call'
  vendor/bundle/gems/activesupport-4.0.0/lib/active_support/tagged_logging.rb:67:in `block in tagged'
  vendor/bundle/gems/activesupport-4.0.0/lib/active_support/tagged_logging.rb:25:in `tagged'
  vendor/bundle/gems/activesupport-4.0.0/lib/active_support/tagged_logging.rb:67:in `tagged'
  vendor/bundle/gems/railties-4.0.0/lib/rails/rack/logger.rb:21:in `call'
  vendor/bundle/gems/actionpack-4.0.0/lib/action_dispatch/middleware/request_id.rb:21:in `call'
  vendor/bundle/gems/rack-1.5.2/lib/rack/methodoverride.rb:21:in `call'
  vendor/bundle/gems/rack-1.5.2/lib/rack/runtime.rb:17:in `call'
  vendor/bundle/gems/activesupport-4.0.0/lib/active_support/cache/strategy/local_cache.rb:83:in `call'
  vendor/bundle/gems/rack-1.5.2/lib/rack/lock.rb:17:in `call'
  vendor/bundle/gems/actionpack-4.0.0/lib/action_dispatch/middleware/static.rb:64:in `call'
  vendor/bundle/gems/railties-4.0.0/lib/rails/engine.rb:511:in `call'
  vendor/bundle/gems/railties-4.0.0/lib/rails/application.rb:97:in `call'
  vendor/bundle/gems/rack-1.5.2/lib/rack/lock.rb:17:in `call'
  vendor/bundle/gems/rack-1.5.2/lib/rack/content_length.rb:14:in `call'
  vendor/bundle/gems/rack-1.5.2/lib/rack/handler/webrick.rb:60:in `service'
  /Users/dylankennamer/.rbenv/versions/2.0.0-p247/lib/ruby/2.0.0/webrick/httpserver.rb:138:in `service'
  /Users/dylankennamer/.rbenv/versions/2.0.0-p247/lib/ruby/2.0.0/webrick/httpserver.rb:94:in `run'
  /Users/dylankennamer/.rbenv/versions/2.0.0-p247/lib/ruby/2.0.0/webrick/server.rb:295:in `block in start_thread'


  Rendered vendor/bundle/gems/actionpack-4.0.0/lib/action_dispatch/middleware/templates/rescues/_trace.erb (2.3ms)
  Rendered vendor/bundle/gems/actionpack-4.0.0/lib/action_dispatch/middleware/templates/routes/_table.html.erb (3.5ms)
  Rendered vendor/bundle/gems/actionpack-4.0.0/lib/action_dispatch/middleware/templates/rescues/routing_error.erb within rescues/layout (37.1ms)


Started GET "/xbmcCmds/xbmcHttp?command=GetCurrentlyPlaying" for 127.0.0.1 at 2013-07-20 23:03:21 +0900

ActionController::RoutingError (No route matches [GET] "/xbmcCmds/xbmcHttp"):
  vendor/bundle/gems/actionpack-4.0.0/lib/action_dispatch/middleware/debug_exceptions.rb:21:in `call'
  vendor/bundle/gems/actionpack-4.0.0/lib/action_dispatch/middleware/show_exceptions.rb:30:in `call'
  vendor/bundle/gems/railties-4.0.0/lib/rails/rack/logger.rb:38:in `call_app'
  vendor/bundle/gems/railties-4.0.0/lib/rails/rack/logger.rb:21:in `block in call'
  vendor/bundle/gems/activesupport-4.0.0/lib/active_support/tagged_logging.rb:67:in `block in tagged'
  vendor/bundle/gems/activesupport-4.0.0/lib/active_support/tagged_logging.rb:25:in `tagged'
  vendor/bundle/gems/activesupport-4.0.0/lib/active_support/tagged_logging.rb:67:in `tagged'
  vendor/bundle/gems/railties-4.0.0/lib/rails/rack/logger.rb:21:in `call'
  vendor/bundle/gems/actionpack-4.0.0/lib/action_dispatch/middleware/request_id.rb:21:in `call'
  vendor/bundle/gems/rack-1.5.2/lib/rack/methodoverride.rb:21:in `call'
  vendor/bundle/gems/rack-1.5.2/lib/rack/runtime.rb:17:in `call'
  vendor/bundle/gems/activesupport-4.0.0/lib/active_support/cache/strategy/local_cache.rb:83:in `call'
  vendor/bundle/gems/rack-1.5.2/lib/rack/lock.rb:17:in `call'
  vendor/bundle/gems/actionpack-4.0.0/lib/action_dispatch/middleware/static.rb:64:in `call'
  vendor/bundle/gems/railties-4.0.0/lib/rails/engine.rb:511:in `call'
  vendor/bundle/gems/railties-4.0.0/lib/rails/application.rb:97:in `call'
  vendor/bundle/gems/rack-1.5.2/lib/rack/lock.rb:17:in `call'
  vendor/bundle/gems/rack-1.5.2/lib/rack/content_length.rb:14:in `call'
  vendor/bundle/gems/rack-1.5.2/lib/rack/handler/webrick.rb:60:in `service'
  /Users/dylankennamer/.rbenv/versions/2.0.0-p247/lib/ruby/2.0.0/webrick/httpserver.rb:138:in `service'
  /Users/dylankennamer/.rbenv/versions/2.0.0-p247/lib/ruby/2.0.0/webrick/httpserver.rb:94:in `run'
  /Users/dylankennamer/.rbenv/versions/2.0.0-p247/lib/ruby/2.0.0/webrick/server.rb:295:in `block in start_thread'


  Rendered vendor/bundle/gems/actionpack-4.0.0/lib/action_dispatch/middleware/templates/rescues/_trace.erb (5.3ms)
  Rendered vendor/bundle/gems/actionpack-4.0.0/lib/action_dispatch/middleware/templates/routes/_table.html.erb (4.9ms)
  Rendered vendor/bundle/gems/actionpack-4.0.0/lib/action_dispatch/middleware/templates/rescues/routing_error.erb within rescues/layout (27.6ms)


Started GET "/xbmcCmds/xbmcHttp?command=GetCurrentlyPlaying" for 127.0.0.1 at 2013-07-20 23:03:21 +0900

ActionController::RoutingError (No route matches [GET] "/xbmcCmds/xbmcHttp"):
  vendor/bundle/gems/actionpack-4.0.0/lib/action_dispatch/middleware/debug_exceptions.rb:21:in `call'
  vendor/bundle/gems/actionpack-4.0.0/lib/action_dispatch/middleware/show_exceptions.rb:30:in `call'
  vendor/bundle/gems/railties-4.0.0/lib/rails/rack/logger.rb:38:in `call_app'
  vendor/bundle/gems/railties-4.0.0/lib/rails/rack/logger.rb:21:in `block in call'
  vendor/bundle/gems/activesupport-4.0.0/lib/active_support/tagged_logging.rb:67:in `block in tagged'
  vendor/bundle/gems/activesupport-4.0.0/lib/active_support/tagged_logging.rb:25:in `tagged'
  vendor/bundle/gems/activesupport-4.0.0/lib/active_support/tagged_logging.rb:67:in `tagged'
  vendor/bundle/gems/railties-4.0.0/lib/rails/rack/logger.rb:21:in `call'
  vendor/bundle/gems/actionpack-4.0.0/lib/action_dispatch/middleware/request_id.rb:21:in `call'
  vendor/bundle/gems/rack-1.5.2/lib/rack/methodoverride.rb:21:in `call'
  vendor/bundle/gems/rack-1.5.2/lib/rack/runtime.rb:17:in `call'
  vendor/bundle/gems/activesupport-4.0.0/lib/active_support/cache/strategy/local_cache.rb:83:in `call'
  vendor/bundle/gems/rack-1.5.2/lib/rack/lock.rb:17:in `call'
  vendor/bundle/gems/actionpack-4.0.0/lib/action_dispatch/middleware/static.rb:64:in `call'
  vendor/bundle/gems/railties-4.0.0/lib/rails/engine.rb:511:in `call'
  vendor/bundle/gems/railties-4.0.0/lib/rails/application.rb:97:in `call'
  vendor/bundle/gems/rack-1.5.2/lib/rack/lock.rb:17:in `call'
  vendor/bundle/gems/rack-1.5.2/lib/rack/content_length.rb:14:in `call'
  vendor/bundle/gems/rack-1.5.2/lib/rack/handler/webrick.rb:60:in `service'
  /Users/dylankennamer/.rbenv/versions/2.0.0-p247/lib/ruby/2.0.0/webrick/httpserver.rb:138:in `service'
  /Users/dylankennamer/.rbenv/versions/2.0.0-p247/lib/ruby/2.0.0/webrick/httpserver.rb:94:in `run'
  /Users/dylankennamer/.rbenv/versions/2.0.0-p247/lib/ruby/2.0.0/webrick/server.rb:295:in `block in start_thread'


  Rendered vendor/bundle/gems/actionpack-4.0.0/lib/action_dispatch/middleware/templates/rescues/_trace.erb (9.4ms)
  Rendered vendor/bundle/gems/actionpack-4.0.0/lib/action_dispatch/middleware/templates/routes/_table.html.erb (1.6ms)
  Rendered vendor/bundle/gems/actionpack-4.0.0/lib/action_dispatch/middleware/templates/rescues/routing_error.erb within rescues/layout (33.6ms)


Started GET "/xbmcCmds/xbmcHttp?command=GetCurrentlyPlaying" for 127.0.0.1 at 2013-07-20 23:04:21 +0900

ActionController::RoutingError (No route matches [GET] "/xbmcCmds/xbmcHttp"):
  vendor/bundle/gems/actionpack-4.0.0/lib/action_dispatch/middleware/debug_exceptions.rb:21:in `call'
  vendor/bundle/gems/actionpack-4.0.0/lib/action_dispatch/middleware/show_exceptions.rb:30:in `call'
  vendor/bundle/gems/railties-4.0.0/lib/rails/rack/logger.rb:38:in `call_app'
  vendor/bundle/gems/railties-4.0.0/lib/rails/rack/logger.rb:21:in `block in call'
  vendor/bundle/gems/activesupport-4.0.0/lib/active_support/tagged_logging.rb:67:in `block in tagged'
  vendor/bundle/gems/activesupport-4.0.0/lib/active_support/tagged_logging.rb:25:in `tagged'
  vendor/bundle/gems/activesupport-4.0.0/lib/active_support/tagged_logging.rb:67:in `tagged'
  vendor/bundle/gems/railties-4.0.0/lib/rails/rack/logger.rb:21:in `call'
  vendor/bundle/gems/actionpack-4.0.0/lib/action_dispatch/middleware/request_id.rb:21:in `call'
  vendor/bundle/gems/rack-1.5.2/lib/rack/methodoverride.rb:21:in `call'
  vendor/bundle/gems/rack-1.5.2/lib/rack/runtime.rb:17:in `call'
  vendor/bundle/gems/activesupport-4.0.0/lib/active_support/cache/strategy/local_cache.rb:83:in `call'
  vendor/bundle/gems/rack-1.5.2/lib/rack/lock.rb:17:in `call'
  vendor/bundle/gems/actionpack-4.0.0/lib/action_dispatch/middleware/static.rb:64:in `call'
  vendor/bundle/gems/railties-4.0.0/lib/rails/engine.rb:511:in `call'
  vendor/bundle/gems/railties-4.0.0/lib/rails/application.rb:97:in `call'
  vendor/bundle/gems/rack-1.5.2/lib/rack/lock.rb:17:in `call'
  vendor/bundle/gems/rack-1.5.2/lib/rack/content_length.rb:14:in `call'
  vendor/bundle/gems/rack-1.5.2/lib/rack/handler/webrick.rb:60:in `service'
  /Users/dylankennamer/.rbenv/versions/2.0.0-p247/lib/ruby/2.0.0/webrick/httpserver.rb:138:in `service'
  /Users/dylankennamer/.rbenv/versions/2.0.0-p247/lib/ruby/2.0.0/webrick/httpserver.rb:94:in `run'
  /Users/dylankennamer/.rbenv/versions/2.0.0-p247/lib/ruby/2.0.0/webrick/server.rb:295:in `block in start_thread'


  Rendered vendor/bundle/gems/actionpack-4.0.0/lib/action_dispatch/middleware/templates/rescues/_trace.erb (1.4ms)
  Rendered vendor/bundle/gems/actionpack-4.0.0/lib/action_dispatch/middleware/templates/routes/_table.html.erb (1.5ms)
  Rendered vendor/bundle/gems/actionpack-4.0.0/lib/action_dispatch/middleware/templates/rescues/routing_error.erb within rescues/layout (18.5ms)


Started GET "/xbmcCmds/xbmcHttp?command=GetCurrentlyPlaying" for 127.0.0.1 at 2013-07-20 23:04:21 +0900

ActionController::RoutingError (No route matches [GET] "/xbmcCmds/xbmcHttp"):
  vendor/bundle/gems/actionpack-4.0.0/lib/action_dispatch/middleware/debug_exceptions.rb:21:in `call'
  vendor/bundle/gems/actionpack-4.0.0/lib/action_dispatch/middleware/show_exceptions.rb:30:in `call'
  vendor/bundle/gems/railties-4.0.0/lib/rails/rack/logger.rb:38:in `call_app'
  vendor/bundle/gems/railties-4.0.0/lib/rails/rack/logger.rb:21:in `block in call'
  vendor/bundle/gems/activesupport-4.0.0/lib/active_support/tagged_logging.rb:67:in `block in tagged'
  vendor/bundle/gems/activesupport-4.0.0/lib/active_support/tagged_logging.rb:25:in `tagged'
  vendor/bundle/gems/activesupport-4.0.0/lib/active_support/tagged_logging.rb:67:in `tagged'
  vendor/bundle/gems/railties-4.0.0/lib/rails/rack/logger.rb:21:in `call'
  vendor/bundle/gems/actionpack-4.0.0/lib/action_dispatch/middleware/request_id.rb:21:in `call'
  vendor/bundle/gems/rack-1.5.2/lib/rack/methodoverride.rb:21:in `call'
  vendor/bundle/gems/rack-1.5.2/lib/rack/runtime.rb:17:in `call'
  vendor/bundle/gems/activesupport-4.0.0/lib/active_support/cache/strategy/local_cache.rb:83:in `call'
  vendor/bundle/gems/rack-1.5.2/lib/rack/lock.rb:17:in `call'
  vendor/bundle/gems/actionpack-4.0.0/lib/action_dispatch/middleware/static.rb:64:in `call'
  vendor/bundle/gems/railties-4.0.0/lib/rails/engine.rb:511:in `call'
  vendor/bundle/gems/railties-4.0.0/lib/rails/application.rb:97:in `call'
  vendor/bundle/gems/rack-1.5.2/lib/rack/lock.rb:17:in `call'
  vendor/bundle/gems/rack-1.5.2/lib/rack/content_length.rb:14:in `call'
  vendor/bundle/gems/rack-1.5.2/lib/rack/handler/webrick.rb:60:in `service'
  /Users/dylankennamer/.rbenv/versions/2.0.0-p247/lib/ruby/2.0.0/webrick/httpserver.rb:138:in `service'
  /Users/dylankennamer/.rbenv/versions/2.0.0-p247/lib/ruby/2.0.0/webrick/httpserver.rb:94:in `run'
  /Users/dylankennamer/.rbenv/versions/2.0.0-p247/lib/ruby/2.0.0/webrick/server.rb:295:in `block in start_thread'


  Rendered vendor/bundle/gems/actionpack-4.0.0/lib/action_dispatch/middleware/templates/rescues/_trace.erb (1.4ms)
  Rendered vendor/bundle/gems/actionpack-4.0.0/lib/action_dispatch/middleware/templates/routes/_table.html.erb (2.2ms)
  Rendered vendor/bundle/gems/actionpack-4.0.0/lib/action_dispatch/middleware/templates/rescues/routing_error.erb within rescues/layout (16.7ms)


Started GET "/xbmcCmds/xbmcHttp?command=GetCurrentlyPlaying" for 127.0.0.1 at 2013-07-20 23:05:18 +0900

ActionController::RoutingError (No route matches [GET] "/xbmcCmds/xbmcHttp"):
  vendor/bundle/gems/actionpack-4.0.0/lib/action_dispatch/middleware/debug_exceptions.rb:21:in `call'
  vendor/bundle/gems/actionpack-4.0.0/lib/action_dispatch/middleware/show_exceptions.rb:30:in `call'
  vendor/bundle/gems/railties-4.0.0/lib/rails/rack/logger.rb:38:in `call_app'
  vendor/bundle/gems/railties-4.0.0/lib/rails/rack/logger.rb:21:in `block in call'
  vendor/bundle/gems/activesupport-4.0.0/lib/active_support/tagged_logging.rb:67:in `block in tagged'
  vendor/bundle/gems/activesupport-4.0.0/lib/active_support/tagged_logging.rb:25:in `tagged'
  vendor/bundle/gems/activesupport-4.0.0/lib/active_support/tagged_logging.rb:67:in `tagged'
  vendor/bundle/gems/railties-4.0.0/lib/rails/rack/logger.rb:21:in `call'
  vendor/bundle/gems/actionpack-4.0.0/lib/action_dispatch/middleware/request_id.rb:21:in `call'
  vendor/bundle/gems/rack-1.5.2/lib/rack/methodoverride.rb:21:in `call'
  vendor/bundle/gems/rack-1.5.2/lib/rack/runtime.rb:17:in `call'
  vendor/bundle/gems/activesupport-4.0.0/lib/active_support/cache/strategy/local_cache.rb:83:in `call'
  vendor/bundle/gems/rack-1.5.2/lib/rack/lock.rb:17:in `call'
  vendor/bundle/gems/actionpack-4.0.0/lib/action_dispatch/middleware/static.rb:64:in `call'
  vendor/bundle/gems/railties-4.0.0/lib/rails/engine.rb:511:in `call'
  vendor/bundle/gems/railties-4.0.0/lib/rails/application.rb:97:in `call'
  vendor/bundle/gems/rack-1.5.2/lib/rack/lock.rb:17:in `call'
  vendor/bundle/gems/rack-1.5.2/lib/rack/content_length.rb:14:in `call'
  vendor/bundle/gems/rack-1.5.2/lib/rack/handler/webrick.rb:60:in `service'
  /Users/dylankennamer/.rbenv/versions/2.0.0-p247/lib/ruby/2.0.0/webrick/httpserver.rb:138:in `service'
  /Users/dylankennamer/.rbenv/versions/2.0.0-p247/lib/ruby/2.0.0/webrick/httpserver.rb:94:in `run'
  /Users/dylankennamer/.rbenv/versions/2.0.0-p247/lib/ruby/2.0.0/webrick/server.rb:295:in `block in start_thread'


  Rendered vendor/bundle/gems/actionpack-4.0.0/lib/action_dispatch/middleware/templates/rescues/_trace.erb (1.4ms)
  Rendered vendor/bundle/gems/actionpack-4.0.0/lib/action_dispatch/middleware/templates/routes/_table.html.erb (1.6ms)
  Rendered vendor/bundle/gems/actionpack-4.0.0/lib/action_dispatch/middleware/templates/rescues/routing_error.erb within rescues/layout (15.5ms)


Started GET "/xbmcCmds/xbmcHttp?command=GetCurrentlyPlaying" for 127.0.0.1 at 2013-07-20 23:05:18 +0900

ActionController::RoutingError (No route matches [GET] "/xbmcCmds/xbmcHttp"):
  vendor/bundle/gems/actionpack-4.0.0/lib/action_dispatch/middleware/debug_exceptions.rb:21:in `call'
  vendor/bundle/gems/actionpack-4.0.0/lib/action_dispatch/middleware/show_exceptions.rb:30:in `call'
  vendor/bundle/gems/railties-4.0.0/lib/rails/rack/logger.rb:38:in `call_app'
  vendor/bundle/gems/railties-4.0.0/lib/rails/rack/logger.rb:21:in `block in call'
  vendor/bundle/gems/activesupport-4.0.0/lib/active_support/tagged_logging.rb:67:in `block in tagged'
  vendor/bundle/gems/activesupport-4.0.0/lib/active_support/tagged_logging.rb:25:in `tagged'
  vendor/bundle/gems/activesupport-4.0.0/lib/active_support/tagged_logging.rb:67:in `tagged'
  vendor/bundle/gems/railties-4.0.0/lib/rails/rack/logger.rb:21:in `call'
  vendor/bundle/gems/actionpack-4.0.0/lib/action_dispatch/middleware/request_id.rb:21:in `call'
  vendor/bundle/gems/rack-1.5.2/lib/rack/methodoverride.rb:21:in `call'
  vendor/bundle/gems/rack-1.5.2/lib/rack/runtime.rb:17:in `call'
  vendor/bundle/gems/activesupport-4.0.0/lib/active_support/cache/strategy/local_cache.rb:83:in `call'
  vendor/bundle/gems/rack-1.5.2/lib/rack/lock.rb:17:in `call'
  vendor/bundle/gems/actionpack-4.0.0/lib/action_dispatch/middleware/static.rb:64:in `call'
  vendor/bundle/gems/railties-4.0.0/lib/rails/engine.rb:511:in `call'
  vendor/bundle/gems/railties-4.0.0/lib/rails/application.rb:97:in `call'
  vendor/bundle/gems/rack-1.5.2/lib/rack/lock.rb:17:in `call'
  vendor/bundle/gems/rack-1.5.2/lib/rack/content_length.rb:14:in `call'
  vendor/bundle/gems/rack-1.5.2/lib/rack/handler/webrick.rb:60:in `service'
  /Users/dylankennamer/.rbenv/versions/2.0.0-p247/lib/ruby/2.0.0/webrick/httpserver.rb:138:in `service'
  /Users/dylankennamer/.rbenv/versions/2.0.0-p247/lib/ruby/2.0.0/webrick/httpserver.rb:94:in `run'
  /Users/dylankennamer/.rbenv/versions/2.0.0-p247/lib/ruby/2.0.0/webrick/server.rb:295:in `block in start_thread'


  Rendered vendor/bundle/gems/actionpack-4.0.0/lib/action_dispatch/middleware/templates/rescues/_trace.erb (1.4ms)
  Rendered vendor/bundle/gems/actionpack-4.0.0/lib/action_dispatch/middleware/templates/routes/_table.html.erb (2.1ms)
  Rendered vendor/bundle/gems/actionpack-4.0.0/lib/action_dispatch/middleware/templates/rescues/routing_error.erb within rescues/layout (16.4ms)
